<?xml version="1.0" encoding="UTF-8"?>
<testng-results skipped="0" failed="0" ignored="0" total="1" passed="1">
  <reporter-output>
  </reporter-output>
  <suite name="Default suite" duration-ms="4440" started-at="2020-04-23T00:38:53 PDT" finished-at="2020-04-23T00:38:57 PDT">
    <groups>
    </groups>
    <test name="Default test" duration-ms="4440" started-at="2020-04-23T00:38:53 PDT" finished-at="2020-04-23T00:38:57 PDT">
      <class name="apiTesting.Tc002_Post_Request">
        <test-method status="PASS" signature="Reistration()[pri:0, instance:apiTesting.Tc002_Post_Request@5a8806ef]" name="Reistration" duration-ms="4351" started-at="2020-04-23T00:38:53 PDT" finished-at="2020-04-23T00:38:57 PDT">
          <reporter-output>
          </reporter-output>
        </test-method> <!-- Reistration -->
      </class> <!-- apiTesting.Tc002_Post_Request -->
    </test> <!-- Default test -->
  </suite> <!-- Default suite -->
</testng-results>
